{"tools/coverage/src/index.js":{"path":"tools/coverage/src/index.js","s":{"1":1,"2":1,"3":1,"4":1,"5":1,"6":1,"7":1,"8":1,"9":1,"10":1,"11":1,"12":1,"13":1,"14":1,"15":1,"16":1,"17":1,"18":4,"19":0,"20":4,"21":1,"22":3,"23":1,"24":1,"25":1,"26":1,"27":1,"28":1,"29":1,"30":0,"31":0,"32":1,"33":1,"34":1,"35":1,"36":5,"37":1,"38":1,"39":1,"40":0,"41":1,"42":1,"43":1,"44":1,"45":1,"46":1,"47":1,"48":1,"49":1,"50":1,"51":1,"52":1,"53":1,"54":0,"55":1,"56":1,"57":0,"58":0,"59":1,"60":1,"61":1,"62":1,"63":0,"64":1,"65":1,"66":1,"67":1,"68":0,"69":1,"70":1,"71":1,"72":1,"73":1,"74":1,"75":1,"76":1},"b":{"1":[0,4],"2":[4,4],"3":[1,3],"4":[1,1],"5":[1,0],"6":[0,1],"7":[0,1],"8":[1,0],"9":[1,0],"10":[0,0,0,0,0],"11":[1,0,0],"12":[0,1],"13":[0,1],"14":[1,0],"15":[1,0],"16":[0,1],"17":[1,0]},"f":{"1":4,"2":1,"3":1,"4":1,"5":1,"6":1,"7":5,"8":1,"9":1,"10":1,"11":1,"12":1,"13":1,"14":0,"15":0,"16":1,"17":1,"18":1},"fnMap":{"1":{"name":"(anonymous_1)","line":26,"loc":{"start":{"line":26,"column":13},"end":{"line":26,"column":28}}},"2":{"name":"(anonymous_2)","line":34,"loc":{"start":{"line":34,"column":14},"end":{"line":34,"column":34}}},"3":{"name":"(anonymous_3)","line":35,"loc":{"start":{"line":35,"column":41},"end":{"line":35,"column":56}}},"4":{"name":"(anonymous_4)","line":51,"loc":{"start":{"line":51,"column":8},"end":{"line":51,"column":23}}},"5":{"name":"(anonymous_5)","line":55,"loc":{"start":{"line":55,"column":15},"end":{"line":55,"column":28}}},"6":{"name":"(anonymous_6)","line":56,"loc":{"start":{"line":56,"column":31},"end":{"line":56,"column":52}}},"7":{"name":"(anonymous_7)","line":58,"loc":{"start":{"line":58,"column":23},"end":{"line":58,"column":38}}},"8":{"name":"(anonymous_8)","line":65,"loc":{"start":{"line":65,"column":14},"end":{"line":65,"column":33}}},"9":{"name":"(anonymous_9)","line":66,"loc":{"start":{"line":66,"column":13},"end":{"line":66,"column":34}}},"10":{"name":"(anonymous_10)","line":69,"loc":{"start":{"line":69,"column":19},"end":{"line":69,"column":34}}},"11":{"name":"(anonymous_11)","line":77,"loc":{"start":{"line":77,"column":18},"end":{"line":77,"column":37}}},"12":{"name":"(anonymous_12)","line":79,"loc":{"start":{"line":79,"column":37},"end":{"line":79,"column":54}}},"13":{"name":"(anonymous_13)","line":95,"loc":{"start":{"line":95,"column":15},"end":{"line":95,"column":26}}},"14":{"name":"(anonymous_14)","line":96,"loc":{"start":{"line":96,"column":18},"end":{"line":96,"column":30}}},"15":{"name":"(anonymous_15)","line":101,"loc":{"start":{"line":101,"column":11},"end":{"line":101,"column":25}}},"16":{"name":"(anonymous_16)","line":107,"loc":{"start":{"line":107,"column":13},"end":{"line":107,"column":24}}},"17":{"name":"(anonymous_17)","line":112,"loc":{"start":{"line":112,"column":18},"end":{"line":112,"column":43}}},"18":{"name":"(anonymous_18)","line":119,"loc":{"start":{"line":119,"column":41},"end":{"line":119,"column":55}}}},"statementMap":{"1":{"start":{"line":5,"column":0},"end":{"line":5,"column":30}},"2":{"start":{"line":6,"column":0},"end":{"line":6,"column":27}},"3":{"start":{"line":7,"column":0},"end":{"line":7,"column":23}},"4":{"start":{"line":8,"column":0},"end":{"line":8,"column":27}},"5":{"start":{"line":9,"column":0},"end":{"line":9,"column":25}},"6":{"start":{"line":10,"column":0},"end":{"line":10,"column":43}},"7":{"start":{"line":12,"column":0},"end":{"line":12,"column":16}},"8":{"start":{"line":13,"column":0},"end":{"line":13,"column":22}},"9":{"start":{"line":14,"column":0},"end":{"line":14,"column":20}},"10":{"start":{"line":15,"column":0},"end":{"line":15,"column":22}},"11":{"start":{"line":16,"column":0},"end":{"line":16,"column":20}},"12":{"start":{"line":17,"column":0},"end":{"line":17,"column":22}},"13":{"start":{"line":18,"column":0},"end":{"line":18,"column":22}},"14":{"start":{"line":19,"column":0},"end":{"line":19,"column":24}},"15":{"start":{"line":20,"column":0},"end":{"line":20,"column":22}},"16":{"start":{"line":21,"column":0},"end":{"line":21,"column":26}},"17":{"start":{"line":26,"column":0},"end":{"line":30,"column":2}},"18":{"start":{"line":27,"column":4},"end":{"line":27,"column":54}},"19":{"start":{"line":27,"column":37},"end":{"line":27,"column":54}},"20":{"start":{"line":28,"column":4},"end":{"line":28,"column":60}},"21":{"start":{"line":28,"column":48},"end":{"line":28,"column":60}},"22":{"start":{"line":29,"column":4},"end":{"line":29,"column":38}},"23":{"start":{"line":34,"column":0},"end":{"line":52,"column":2}},"24":{"start":{"line":35,"column":4},"end":{"line":51,"column":45}},"25":{"start":{"line":38,"column":8},"end":{"line":38,"column":35}},"26":{"start":{"line":39,"column":8},"end":{"line":39,"column":38}},"27":{"start":{"line":42,"column":8},"end":{"line":42,"column":71}},"28":{"start":{"line":43,"column":8},"end":{"line":44,"column":38}},"29":{"start":{"line":44,"column":12},"end":{"line":44,"column":38}},"30":{"start":{"line":48,"column":8},"end":{"line":48,"column":94}},"31":{"start":{"line":49,"column":8},"end":{"line":49,"column":66}},"32":{"start":{"line":51,"column":25},"end":{"line":51,"column":40}},"33":{"start":{"line":55,"column":0},"end":{"line":62,"column":2}},"34":{"start":{"line":56,"column":4},"end":{"line":61,"column":7}},"35":{"start":{"line":57,"column":8},"end":{"line":60,"column":33}},"36":{"start":{"line":59,"column":16},"end":{"line":59,"column":85}},"37":{"start":{"line":65,"column":0},"end":{"line":74,"column":2}},"38":{"start":{"line":66,"column":4},"end":{"line":73,"column":7}},"39":{"start":{"line":67,"column":8},"end":{"line":67,"column":24}},"40":{"start":{"line":67,"column":16},"end":{"line":67,"column":24}},"41":{"start":{"line":68,"column":8},"end":{"line":68,"column":49}},"42":{"start":{"line":69,"column":8},"end":{"line":71,"column":11}},"43":{"start":{"line":70,"column":12},"end":{"line":70,"column":76}},"44":{"start":{"line":72,"column":8},"end":{"line":72,"column":33}},"45":{"start":{"line":77,"column":0},"end":{"line":91,"column":2}},"46":{"start":{"line":79,"column":4},"end":{"line":87,"column":97}},"47":{"start":{"line":80,"column":8},"end":{"line":80,"column":30}},"48":{"start":{"line":81,"column":8},"end":{"line":81,"column":30}},"49":{"start":{"line":82,"column":8},"end":{"line":82,"column":39}},"50":{"start":{"line":83,"column":8},"end":{"line":86,"column":99}},"51":{"start":{"line":90,"column":4},"end":{"line":90,"column":136}},"52":{"start":{"line":95,"column":0},"end":{"line":98,"column":2}},"53":{"start":{"line":96,"column":4},"end":{"line":96,"column":122}},"54":{"start":{"line":96,"column":32},"end":{"line":96,"column":119}},"55":{"start":{"line":97,"column":4},"end":{"line":97,"column":118}},"56":{"start":{"line":101,"column":0},"end":{"line":104,"column":2}},"57":{"start":{"line":102,"column":4},"end":{"line":102,"column":30}},"58":{"start":{"line":103,"column":4},"end":{"line":103,"column":20}},"59":{"start":{"line":107,"column":0},"end":{"line":136,"column":2}},"60":{"start":{"line":109,"column":4},"end":{"line":109,"column":59}},"61":{"start":{"line":112,"column":4},"end":{"line":135,"column":7}},"62":{"start":{"line":113,"column":8},"end":{"line":113,"column":75}},"63":{"start":{"line":113,"column":16},"end":{"line":113,"column":75}},"64":{"start":{"line":117,"column":8},"end":{"line":117,"column":69}},"65":{"start":{"line":118,"column":8},"end":{"line":118,"column":42}},"66":{"start":{"line":119,"column":8},"end":{"line":134,"column":11}},"67":{"start":{"line":120,"column":12},"end":{"line":120,"column":85}},"68":{"start":{"line":120,"column":20},"end":{"line":120,"column":85}},"69":{"start":{"line":123,"column":12},"end":{"line":123,"column":68}},"70":{"start":{"line":124,"column":12},"end":{"line":124,"column":65}},"71":{"start":{"line":128,"column":12},"end":{"line":128,"column":37}},"72":{"start":{"line":129,"column":12},"end":{"line":129,"column":77}},"73":{"start":{"line":130,"column":12},"end":{"line":130,"column":51}},"74":{"start":{"line":131,"column":12},"end":{"line":131,"column":159}},"75":{"start":{"line":133,"column":12},"end":{"line":133,"column":28}},"76":{"start":{"line":139,"column":0},"end":{"line":139,"column":31}}},"branchMap":{"1":{"line":27,"type":"if","locations":[{"start":{"line":27,"column":4},"end":{"line":27,"column":4}},{"start":{"line":27,"column":4},"end":{"line":27,"column":4}}]},"2":{"line":27,"type":"binary-expr","locations":[{"start":{"line":27,"column":7},"end":{"line":27,"column":19}},{"start":{"line":27,"column":23},"end":{"line":27,"column":35}}]},"3":{"line":28,"type":"if","locations":[{"start":{"line":28,"column":4},"end":{"line":28,"column":4}},{"start":{"line":28,"column":4},"end":{"line":28,"column":4}}]},"4":{"line":42,"type":"binary-expr","locations":[{"start":{"line":42,"column":19},"end":{"line":42,"column":41}},{"start":{"line":42,"column":45},"end":{"line":42,"column":70}}]},"5":{"line":43,"type":"if","locations":[{"start":{"line":43,"column":8},"end":{"line":43,"column":8}},{"start":{"line":43,"column":8},"end":{"line":43,"column":8}}]},"6":{"line":57,"type":"cond-expr","locations":[{"start":{"line":57,"column":84},"end":{"line":57,"column":86}},{"start":{"line":58,"column":12},"end":{"line":60,"column":14}}]},"7":{"line":67,"type":"if","locations":[{"start":{"line":67,"column":8},"end":{"line":67,"column":8}},{"start":{"line":67,"column":8},"end":{"line":67,"column":8}}]},"8":{"line":90,"type":"binary-expr","locations":[{"start":{"line":90,"column":31},"end":{"line":90,"column":40}},{"start":{"line":90,"column":44},"end":{"line":90,"column":45}}]},"9":{"line":90,"type":"binary-expr","locations":[{"start":{"line":90,"column":94},"end":{"line":90,"column":121}},{"start":{"line":90,"column":125},"end":{"line":90,"column":126}}]},"10":{"line":96,"type":"binary-expr","locations":[{"start":{"line":96,"column":39},"end":{"line":96,"column":54}},{"start":{"line":96,"column":58},"end":{"line":96,"column":67}},{"start":{"line":96,"column":71},"end":{"line":96,"column":84}},{"start":{"line":96,"column":88},"end":{"line":96,"column":104}},{"start":{"line":96,"column":108},"end":{"line":96,"column":118}}]},"11":{"line":97,"type":"binary-expr","locations":[{"start":{"line":97,"column":11},"end":{"line":97,"column":37}},{"start":{"line":97,"column":41},"end":{"line":97,"column":77}},{"start":{"line":97,"column":81},"end":{"line":97,"column":117}}]},"12":{"line":113,"type":"if","locations":[{"start":{"line":113,"column":8},"end":{"line":113,"column":8}},{"start":{"line":113,"column":8},"end":{"line":113,"column":8}}]},"13":{"line":120,"type":"if","locations":[{"start":{"line":120,"column":12},"end":{"line":120,"column":12}},{"start":{"line":120,"column":12},"end":{"line":120,"column":12}}]},"14":{"line":124,"type":"binary-expr","locations":[{"start":{"line":124,"column":26},"end":{"line":124,"column":43}},{"start":{"line":124,"column":47},"end":{"line":124,"column":64}}]},"15":{"line":129,"type":"cond-expr","locations":[{"start":{"line":129,"column":34},"end":{"line":129,"column":71}},{"start":{"line":129,"column":74},"end":{"line":129,"column":76}}]},"16":{"line":129,"type":"cond-expr","locations":[{"start":{"line":129,"column":44},"end":{"line":129,"column":56}},{"start":{"line":129,"column":59},"end":{"line":129,"column":71}}]},"17":{"line":130,"type":"cond-expr","locations":[{"start":{"line":130,"column":34},"end":{"line":130,"column":45}},{"start":{"line":130,"column":48},"end":{"line":130,"column":50}}]}},"l":{"5":1,"6":1,"7":1,"8":1,"9":1,"10":1,"12":1,"13":1,"14":1,"15":1,"16":1,"17":1,"18":1,"19":1,"20":1,"21":1,"26":1,"27":4,"28":4,"29":3,"34":1,"35":1,"38":1,"39":1,"42":1,"43":1,"44":1,"48":0,"49":0,"51":1,"55":1,"56":1,"57":1,"59":5,"65":1,"66":1,"67":1,"68":1,"69":1,"70":1,"72":1,"77":1,"79":1,"80":1,"81":1,"82":1,"83":1,"90":1,"95":1,"96":1,"97":1,"101":1,"102":0,"103":0,"107":1,"109":1,"112":1,"113":1,"117":1,"118":1,"119":1,"120":1,"123":1,"124":1,"128":1,"129":1,"130":1,"131":1,"133":1,"139":1}}}
